<?xml version="1.0" encoding="UTF-8"?>
<!-- Generated by org.testng.reporters.JUnitXMLReporter -->
<testsuite ignored="0" hostname="VivoBook-ASUS" failures="0" tests="5" name="Test" time="17.163" errors="0" timestamp="2024-03-24T22:49:05 IST">
  <testcase classname="tests.FourTest" name="testFour" time="0.005"/>
  <testcase classname="tests.TwoTest" name="testTwo" time="0.001"/>
  <testcase classname="tests.LoginTest" name="login" time="1.096"/>
  <testcase classname="tests.LoginTest" name="login" time="10.883"/>
  <testcase classname="tests.ThreeTest" name="testThree" time="0.0"/>
</testsuite> <!-- Test -->
