<?xml version="1.0" encoding="UTF-8"?>
<testng-results ignored="0" total="5" passed="5" failed="0" skipped="0">
  <reporter-output>
  </reporter-output>
  <suite started-at="2024-03-24T22:48:48 IST" name="Suite" finished-at="2024-03-24T22:49:05 IST" duration-ms="17163">
    <groups>
    </groups>
    <test started-at="2024-03-24T22:48:48 IST" name="Test" finished-at="2024-03-24T22:49:05 IST" duration-ms="17163">
      <class name="tests.LoginTest">
        <test-method is-config="true" signature="openApplication()[pri:0, instance:tests.LoginTest@47af7f3d]" started-at="2024-03-24T22:48:48 IST" name="openApplication" finished-at="2024-03-24T22:48:51 IST" duration-ms="2960" status="PASS">
          <reporter-output>
          </reporter-output>
        </test-method> <!-- openApplication -->
        <test-method signature="login(java.lang.String,java.lang.String,java.lang.String)[pri:0, instance:tests.LoginTest@47af7f3d]" started-at="2024-03-24T22:48:51 IST" name="login" data-provider="getLoginData" finished-at="2024-03-24T22:48:52 IST" duration-ms="1096" status="PASS">
          <params>
            <param index="0">
              <value>
                <![CDATA[hthitame@gmail.com]]>
              </value>
            </param>
            <param index="1">
              <value>
                <![CDATA[1234]]>
              </value>
            </param>
            <param index="2">
              <value>
                <![CDATA[successfull]]>
              </value>
            </param>
          </params>
          <reporter-output>
          </reporter-output>
        </test-method> <!-- login -->
        <test-method is-config="true" signature="closure()[pri:0, instance:tests.LoginTest@47af7f3d]" started-at="2024-03-24T22:48:52 IST" name="closure" finished-at="2024-03-24T22:48:52 IST" duration-ms="81" status="PASS">
          <reporter-output>
          </reporter-output>
        </test-method> <!-- closure -->
        <test-method is-config="true" signature="openApplication()[pri:0, instance:tests.LoginTest@47af7f3d]" started-at="2024-03-24T22:48:52 IST" name="openApplication" finished-at="2024-03-24T22:48:54 IST" duration-ms="1991" status="PASS">
          <reporter-output>
          </reporter-output>
        </test-method> <!-- openApplication -->
        <test-method signature="login(java.lang.String,java.lang.String,java.lang.String)[pri:0, instance:tests.LoginTest@47af7f3d]" started-at="2024-03-24T22:48:54 IST" name="login" data-provider="getLoginData" finished-at="2024-03-24T22:49:05 IST" duration-ms="10883" status="PASS">
          <params>
            <param index="0">
              <value>
                <![CDATA[abcd@gmail.com]]>
              </value>
            </param>
            <param index="1">
              <value>
                <![CDATA[123]]>
              </value>
            </param>
            <param index="2">
              <value>
                <![CDATA[failure]]>
              </value>
            </param>
          </params>
          <reporter-output>
          </reporter-output>
        </test-method> <!-- login -->
        <test-method is-config="true" signature="closure()[pri:0, instance:tests.LoginTest@47af7f3d]" started-at="2024-03-24T22:49:05 IST" name="closure" finished-at="2024-03-24T22:49:05 IST" duration-ms="81" status="PASS">
          <reporter-output>
          </reporter-output>
        </test-method> <!-- closure -->
      </class> <!-- tests.LoginTest -->
      <class name="tests.FourTest">
        <test-method signature="testFour()[pri:0, instance:tests.FourTest@1a451d4d]" started-at="2024-03-24T22:48:48 IST" name="testFour" finished-at="2024-03-24T22:48:48 IST" duration-ms="5" status="PASS">
          <reporter-output>
          </reporter-output>
        </test-method> <!-- testFour -->
      </class> <!-- tests.FourTest -->
      <class name="tests.ThreeTest">
        <test-method signature="testThree()[pri:0, instance:tests.ThreeTest@7f3b84b8]" started-at="2024-03-24T22:49:05 IST" name="testThree" finished-at="2024-03-24T22:49:05 IST" duration-ms="0" status="PASS">
          <reporter-output>
          </reporter-output>
        </test-method> <!-- testThree -->
      </class> <!-- tests.ThreeTest -->
      <class name="tests.TwoTest">
        <test-method signature="testTwo()[pri:0, instance:tests.TwoTest@3ce1e309]" started-at="2024-03-24T22:48:48 IST" name="testTwo" finished-at="2024-03-24T22:48:48 IST" duration-ms="1" status="PASS">
          <reporter-output>
          </reporter-output>
        </test-method> <!-- testTwo -->
      </class> <!-- tests.TwoTest -->
    </test> <!-- Test -->
  </suite> <!-- Suite -->
</testng-results>
